<?xml version="1.0" encoding="UTF-8"?>
<!-- Generated by org.testng.reporters.JUnitReportReporter -->
<testsuite hostname="subhaniconnects" failures="0" tests="1" name="TestCasesRepo.SampleTestCase" time="11.534" errors="0" timestamp="2023-09-15T22:31:57 IST" skipped="0">
  <testcase classname="TestCasesRepo.SampleTestCase" name="Tc_01" time="11.534"/>
</testsuite> <!-- TestCasesRepo.SampleTestCase -->
