<?xml version="1.0" encoding="UTF-8"?>
<!-- Generated by org.testng.reporters.JUnitReportReporter -->
<testsuite hostname="subhaniconnects" failures="0" tests="2" name="TestCasesRepo.SampleTestCases" time="44.464" errors="0" timestamp="2023-09-15T09:37:48 IST" skipped="0">
  <testcase classname="TestCasesRepo.SampleTestCases" name="Tc_01" time="30.692"/>
  <testcase classname="TestCasesRepo.SampleTestCases" name="Tc_02" time="13.772"/>
</testsuite> <!-- TestCasesRepo.SampleTestCases -->
