<?xml version="1.0" encoding="UTF-8"?>
<!-- Generated by org.testng.reporters.JUnitReportReporter -->
<testsuite hostname="subhaniconnects" failures="0" tests="1" name="TestCasesRepo.OrganizationModuleTest" time="10.128" errors="0" timestamp="2023-10-22T23:22:58 IST" skipped="0">
  <testcase classname="TestCasesRepo.OrganizationModuleTest" name="OrganizationsTest" time="10.128"/>
</testsuite> <!-- TestCasesRepo.OrganizationModuleTest -->
