<?xml version="1.0" encoding="UTF-8"?>
<!-- Generated by org.testng.reporters.JUnitReportReporter -->
<testsuite hostname="subhaniconnects" failures="0" tests="1" name="TestCasesRepo.ContactsTest" time="21.520" errors="0" timestamp="2023-10-31T15:19:02 IST" skipped="0">
  <testcase classname="TestCasesRepo.ContactsTest" name="OrganizationsTest" time="21.520"/>
</testsuite> <!-- TestCasesRepo.ContactsTest -->
